<?xml version="1.0" encoding="UTF-8"?>
<!-- Generated by org.testng.reporters.JUnitXMLReporter -->
<testsuite ignored="0" hostname="CPX-CVU4D5WD503" failures="0" tests="4" name="Default test" time="19.989" errors="0" timestamp="21 Apr. 2021 13:45:27 GMT">
  <testcase classname="PHP_register.register_testcase" name="register_firsttestcase" time="8.778"/>
  <testcase classname="PHP_register.register_testcase" name="register_firsttestcase" time="2.331"/>
  <testcase classname="PHP_register.register_testcase" name="register_firsttestcase" time="2.396"/>
  <testcase classname="PHP_register.register_testcase" name="register_firsttestcase" time="2.302"/>
</testsuite> <!-- Default test -->
