<?xml version="1.0" encoding="UTF-8"?>
<testng-results ignored="0" total="4" passed="4" failed="0" skipped="0">
  <reporter-output>
  </reporter-output>
  <suite started-at="2021-04-21T13:45:07Z" name="Default suite" finished-at="2021-04-21T13:45:27Z" duration-ms="19989">
    <groups>
    </groups>
    <test started-at="2021-04-21T13:45:07Z" name="Default test" finished-at="2021-04-21T13:45:27Z" duration-ms="19989">
      <class name="PHP_register.register_testcase">
        <test-method is-config="true" signature="open_browser()[pri:0, instance:PHP_register.register_testcase@68567e20]" started-at="2021-04-21T13:45:07Z" name="open_browser" finished-at="2021-04-21T13:45:11Z" duration-ms="3620" status="PASS">
          <reporter-output>
          </reporter-output>
        </test-method> <!-- open_browser -->
        <test-method signature="register_firsttestcase(java.lang.String, java.lang.String, java.lang.String, java.lang.String, java.lang.String, java.lang.String)[pri:0, instance:PHP_register.register_testcase@68567e20]" started-at="2021-04-21T13:45:12Z" name="register_firsttestcase" data-provider="test_data" finished-at="2021-04-21T13:45:20Z" duration-ms="8778" status="PASS">
          <params>
            <param index="0">
              <value>
                <![CDATA[Yasser000]]>
              </value>
            </param>
            <param index="1">
              <value>
                <![CDATA[Yasser000]]>
              </value>
            </param>
            <param index="2">
              <value>
                <![CDATA[23455]]>
              </value>
            </param>
            <param index="3">
              <value>
                <![CDATA[Yasser001@gmail.com]]>
              </value>
            </param>
            <param index="4">
              <value>
                <![CDATA[Yasser123]]>
              </value>
            </param>
            <param index="5">
              <value>
                <![CDATA[Yasser123]]>
              </value>
            </param>
          </params>
          <reporter-output>
          </reporter-output>
        </test-method> <!-- register_firsttestcase -->
        <test-method signature="register_firsttestcase(java.lang.String, java.lang.String, java.lang.String, java.lang.String, java.lang.String, java.lang.String)[pri:0, instance:PHP_register.register_testcase@68567e20]" started-at="2021-04-21T13:45:20Z" name="register_firsttestcase" data-provider="test_data" finished-at="2021-04-21T13:45:23Z" duration-ms="2331" status="PASS">
          <params>
            <param index="0">
              <value>
                <![CDATA[Yasser000]]>
              </value>
            </param>
            <param index="1">
              <value>
                <![CDATA[Yasser000]]>
              </value>
            </param>
            <param index="2">
              <value>
                <![CDATA[23455]]>
              </value>
            </param>
            <param index="3">
              <value>
                <![CDATA[Yasser002@gmail.com]]>
              </value>
            </param>
            <param index="4">
              <value>
                <![CDATA[Yasser123]]>
              </value>
            </param>
            <param index="5">
              <value>
                <![CDATA[Yasser123]]>
              </value>
            </param>
          </params>
          <reporter-output>
          </reporter-output>
        </test-method> <!-- register_firsttestcase -->
        <test-method signature="register_firsttestcase(java.lang.String, java.lang.String, java.lang.String, java.lang.String, java.lang.String, java.lang.String)[pri:0, instance:PHP_register.register_testcase@68567e20]" started-at="2021-04-21T13:45:23Z" name="register_firsttestcase" data-provider="test_data" finished-at="2021-04-21T13:45:25Z" duration-ms="2396" status="PASS">
          <params>
            <param index="0">
              <value>
                <![CDATA[Yasser000]]>
              </value>
            </param>
            <param index="1">
              <value>
                <![CDATA[Yasser000]]>
              </value>
            </param>
            <param index="2">
              <value>
                <![CDATA[23455]]>
              </value>
            </param>
            <param index="3">
              <value>
                <![CDATA[Yasser003@gmail.com]]>
              </value>
            </param>
            <param index="4">
              <value>
                <![CDATA[Yasser123]]>
              </value>
            </param>
            <param index="5">
              <value>
                <![CDATA[Yasser123]]>
              </value>
            </param>
          </params>
          <reporter-output>
          </reporter-output>
        </test-method> <!-- register_firsttestcase -->
        <test-method signature="register_firsttestcase(java.lang.String, java.lang.String, java.lang.String, java.lang.String, java.lang.String, java.lang.String)[pri:0, instance:PHP_register.register_testcase@68567e20]" started-at="2021-04-21T13:45:25Z" name="register_firsttestcase" data-provider="test_data" finished-at="2021-04-21T13:45:27Z" duration-ms="2302" status="PASS">
          <params>
            <param index="0">
              <value>
                <![CDATA[Yasser000]]>
              </value>
            </param>
            <param index="1">
              <value>
                <![CDATA[Yasser000]]>
              </value>
            </param>
            <param index="2">
              <value>
                <![CDATA[23455]]>
              </value>
            </param>
            <param index="3">
              <value>
                <![CDATA[Yasser004@gmail.com]]>
              </value>
            </param>
            <param index="4">
              <value>
                <![CDATA[Yasser123]]>
              </value>
            </param>
            <param index="5">
              <value>
                <![CDATA[Yasser123]]>
              </value>
            </param>
          </params>
          <reporter-output>
          </reporter-output>
        </test-method> <!-- register_firsttestcase -->
        <test-method is-config="true" signature="close_browser()[pri:0, instance:PHP_register.register_testcase@68567e20]" started-at="2021-04-21T13:45:27Z" name="close_browser" finished-at="2021-04-21T13:45:27Z" duration-ms="1" status="PASS">
          <reporter-output>
          </reporter-output>
        </test-method> <!-- close_browser -->
      </class> <!-- PHP_register.register_testcase -->
    </test> <!-- Default test -->
  </suite> <!-- Default suite -->
</testng-results>
