<?xml version="1.0" encoding="UTF-8"?>
<testng-results ignored="0" total="4" passed="4" failed="0" skipped="0">
  <reporter-output>
  </reporter-output>
  <suite started-at="2021-04-20T17:44:23Z" name="Default suite" finished-at="2021-04-20T17:44:47Z" duration-ms="23935">
    <groups>
    </groups>
    <test started-at="2021-04-20T17:44:23Z" name="Default test" finished-at="2021-04-20T17:44:47Z" duration-ms="23935">
      <class name="PHP_register.register_testcase">
        <test-method is-config="true" signature="open_browser()[pri:0, instance:PHP_register.register_testcase@68567e20]" started-at="2021-04-20T17:44:23Z" name="open_browser" finished-at="2021-04-20T17:44:29Z" duration-ms="5625" status="PASS">
          <reporter-output>
          </reporter-output>
        </test-method> <!-- open_browser -->
        <test-method signature="register_firsttestcase(java.lang.String, java.lang.String, java.lang.String, java.lang.String, java.lang.String, java.lang.String)[pri:0, instance:PHP_register.register_testcase@68567e20]" started-at="2021-04-20T17:44:31Z" name="register_firsttestcase" data-provider="test_data" finished-at="2021-04-20T17:44:38Z" duration-ms="7175" status="PASS">
          <params>
            <param index="0">
              <value>
                <![CDATA[Yasser201]]>
              </value>
            </param>
            <param index="1">
              <value>
                <![CDATA[last1]]>
              </value>
            </param>
            <param index="2">
              <value>
                <![CDATA[123]]>
              </value>
            </param>
            <param index="3">
              <value>
                <![CDATA[Yasser214@gmail.com]]>
              </value>
            </param>
            <param index="4">
              <value>
                <![CDATA[yas123]]>
              </value>
            </param>
            <param index="5">
              <value>
                <![CDATA[yas123]]>
              </value>
            </param>
          </params>
          <reporter-output>
          </reporter-output>
        </test-method> <!-- register_firsttestcase -->
        <test-method signature="register_firsttestcase(java.lang.String, java.lang.String, java.lang.String, java.lang.String, java.lang.String, java.lang.String)[pri:0, instance:PHP_register.register_testcase@68567e20]" started-at="2021-04-20T17:44:38Z" name="register_firsttestcase" data-provider="test_data" finished-at="2021-04-20T17:44:41Z" duration-ms="2721" status="PASS">
          <params>
            <param index="0">
              <value>
                <![CDATA[Yasser202]]>
              </value>
            </param>
            <param index="1">
              <value>
                <![CDATA[last2]]>
              </value>
            </param>
            <param index="2">
              <value>
                <![CDATA[124]]>
              </value>
            </param>
            <param index="3">
              <value>
                <![CDATA[Yasser213@gmail.com]]>
              </value>
            </param>
            <param index="4">
              <value>
                <![CDATA[yas124]]>
              </value>
            </param>
            <param index="5">
              <value>
                <![CDATA[yas124]]>
              </value>
            </param>
          </params>
          <reporter-output>
          </reporter-output>
        </test-method> <!-- register_firsttestcase -->
        <test-method signature="register_firsttestcase(java.lang.String, java.lang.String, java.lang.String, java.lang.String, java.lang.String, java.lang.String)[pri:0, instance:PHP_register.register_testcase@68567e20]" started-at="2021-04-20T17:44:41Z" name="register_firsttestcase" data-provider="test_data" finished-at="2021-04-20T17:44:44Z" duration-ms="3267" status="PASS">
          <params>
            <param index="0">
              <value>
                <![CDATA[Yasser203]]>
              </value>
            </param>
            <param index="1">
              <value>
                <![CDATA[last3]]>
              </value>
            </param>
            <param index="2">
              <value>
                <![CDATA[125]]>
              </value>
            </param>
            <param index="3">
              <value>
                <![CDATA[Yasser212@gmail.com]]>
              </value>
            </param>
            <param index="4">
              <value>
                <![CDATA[yas125]]>
              </value>
            </param>
            <param index="5">
              <value>
                <![CDATA[yas125]]>
              </value>
            </param>
          </params>
          <reporter-output>
          </reporter-output>
        </test-method> <!-- register_firsttestcase -->
        <test-method signature="register_firsttestcase(java.lang.String, java.lang.String, java.lang.String, java.lang.String, java.lang.String, java.lang.String)[pri:0, instance:PHP_register.register_testcase@68567e20]" started-at="2021-04-20T17:44:44Z" name="register_firsttestcase" data-provider="test_data" finished-at="2021-04-20T17:44:47Z" duration-ms="3024" status="PASS">
          <params>
            <param index="0">
              <value>
                <![CDATA[Yasser204]]>
              </value>
            </param>
            <param index="1">
              <value>
                <![CDATA[last4]]>
              </value>
            </param>
            <param index="2">
              <value>
                <![CDATA[126]]>
              </value>
            </param>
            <param index="3">
              <value>
                <![CDATA[Yasser211@gmail.com]]>
              </value>
            </param>
            <param index="4">
              <value>
                <![CDATA[yas126]]>
              </value>
            </param>
            <param index="5">
              <value>
                <![CDATA[yas126]]>
              </value>
            </param>
          </params>
          <reporter-output>
          </reporter-output>
        </test-method> <!-- register_firsttestcase -->
        <test-method is-config="true" signature="close_browser()[pri:0, instance:PHP_register.register_testcase@68567e20]" started-at="2021-04-20T17:44:47Z" name="close_browser" finished-at="2021-04-20T17:44:47Z" duration-ms="0" status="PASS">
          <reporter-output>
          </reporter-output>
        </test-method> <!-- close_browser -->
      </class> <!-- PHP_register.register_testcase -->
    </test> <!-- Default test -->
  </suite> <!-- Default suite -->
</testng-results>
